make all --print-data-base --no-builtin-variables --no-builtin-rules --question
# GNU Make 3.81
# Copyright (C) 2006  Free Software Foundation, Inc.
# This is free software; see the source for copying conditions.
# There is NO warranty; not even for MERCHANTABILITY or FITNESS FOR A
# PARTICULAR PURPOSE.

# This program built for i386-apple-darwin11.3.0
 

# Make data base, printed on Fri Aug 26 09:41:01 2022

# Variables

# automatic
<D = $(patsubst %/,%,$(dir $<))
# automatic
?F = $(notdir $?)
# makefile (from `Makefile', line 39)
OBJ = $(SRC:.c=.o)
# makefile (from `Makefile', line 28)
SRC = src/Mandelbrot.c src/draw.c src/doubleatoi.c src/main.c src/init.c src/key.c src/Julia.c src/Newton.c src/color.c src/utils.c
# environment
VSCODE_LOG_NATIVE = false
# automatic
?D = $(patsubst %/,%,$(dir $?))
# automatic
@D = $(patsubst %/,%,$(dir $@))
# automatic
@F = $(notdir $@)
# makefile
CURDIR := /Users/mtoia/Desktop/Fractol-42
# makefile
SHELL = /bin/sh
# makefile (from `Makefile', line 41)
RM = rm -f
# environment
VSCODE_NLS_CONFIG = {"locale":"en-us","availableLanguages":{},"_languagePackSupport":true}
# makefile (from `Makefile', line 37)
MLX = ./libmlx.dylib
# environment
_ = /usr/bin/make
# makefile (from `Makefile', line 44)
CFLAGS = 
# makefile (from `Makefile', line 35)
HDRS = mlx/
# makefile (from `Makefile', line 20)
T_CLR = \033[K
# makefile (from `Makefile', line 1)
MAKEFILE_LIST :=  Makefile
# environment
VSCODE_VERBOSE_LOGGING = true
# environment
__CFBundleIdentifier = com.microsoft.VSCode
# environment
VSCODE_IPC_HOOK_EXTHOST = /var/folders/_b/ypqmv47n12bdr4_qn4p1mc3r0000gn/T/vscode-ipc-04baabcf-d53d-41cb-a990-d1c4c520f186.sock
# environment
VSCODE_CWD = /
# makefile (from `Makefile', line 22)
C_GRN = \033[32m
# environment
PATH = /usr/local/opt/llvm/bin:/usr/local/bin:/usr/bin:/bin:/usr/sbin:/sbin:/opt/X11/bin
# makefile (from `Makefile', line 26)
C_END = \033[0m
# makefile (from `Makefile', line 15)
GREENGREEN = \033[38;5;46m
# environment
VSCODE_LOG_STACK = false
# environment
ELECTRON_RUN_AS_NODE = 1
# default
.FEATURES := target-specific order-only second-expansion else-if archives jobserver check-symlink
# makefile (from `Makefile', line 48)
NB = $(words $(FILES))
# environment
SSH_AUTH_SOCK = /private/tmp/com.apple.launchd.6aJ0zs4Noc/Listeners
# makefile (from `Makefile', line 19)
T_NRM = \033[25m
# automatic
%F = $(notdir $%)
# environment
DISPLAY = /private/tmp/com.apple.launchd.FhWRtleGld/org.xquartz:0
# environment
VSCODE_PIPE_LOGGING = true
# environment
PWD = /Users/mtoia/Desktop/Fractol-42
# makefile (from `Makefile', line 18)
T_BLK = \033[5m
# environment
ORIGINAL_XDG_CURRENT_DESKTOP = undefined
# environment
VSCODE_AMD_ENTRYPOINT = vs/workbench/api/node/extensionHostProcess
# environment
HOME = /Users/mtoia
# default
MAKEFILEPATH = $(shell /usr/bin/xcode-select -print-path 2>/dev/null || echo /Developer)/Makefiles
# environment
VSCODE_CODE_CACHE_PATH = /Users/mtoia/Library/Application Support/Code/CachedData/30d9c6cd9483b2cc586687151bcbcd635f373630
# environment
LOGNAME = mtoia
# environment
APPLICATION_INSIGHTS_NO_DIAGNOSTIC_CHANNEL = 1
# environment
VSCODE_HANDLES_UNCAUGHT_ERRORS = true
# automatic
^D = $(patsubst %/,%,$(dir $^))
# environment
XPC_FLAGS = 0x0
# default
MAKE = $(MAKE_COMMAND)
# default
MAKECMDGOALS := all
# environment
SHLVL = 1
# makefile (from `Makefile', line 23)
C_LYLW = \033[93m
# makefile (from `Makefile', line 33)
LIBFT = libft
# makefile (from `Makefile', line 43)
CC = clang  -g  -Wall -Wextra -Werror
# default
MAKE_VERSION := 3.81
# environment
USER = mtoia
# makefile
.DEFAULT_GOAL := fractol
# makefile (from `Makefile', line 21)
C_YLW = \033[33m
# makefile (from `Makefile', line 13)
NAME = fractol
# automatic
%D = $(patsubst %/,%,$(dir $%))
# default
MAKE_COMMAND := /Library/Developer/CommandLineTools/usr/bin/make
# default
.VARIABLES := 
# environment
TMPDIR = /var/folders/_b/ypqmv47n12bdr4_qn4p1mc3r0000gn/T/
# makefile (from `Makefile', line 24)
C_LGRN = \033[92m
# automatic
*F = $(notdir $*)
# environment
VSCODE_IPC_HOOK = /Users/mtoia/Library/Application Support/Code/1.68.1-main.sock
# makefile (from `Makefile', line 25)
C_LMGN = \033[95m
# makefile
MAKEFLAGS = Rrqp
# environment
MFLAGS = -Rrqp
# automatic
*D = $(patsubst %/,%,$(dir $*))
# environment
XPC_SERVICE_NAME = application.com.microsoft.VSCode.298813.298819
# automatic
+D = $(patsubst %/,%,$(dir $+))
# automatic
+F = $(notdir $+)
# environment
__CF_USER_TEXT_ENCODING = 0x1F5:0x0:0x0
# environment
COMMAND_MODE = unix2003
# default
MAKEFILES := 
# automatic
<F = $(notdir $<)
# makefile (from `Makefile', line 31)
PRINTF = ft_printf
# environment
LC_ALL = C
# makefile (from `Makefile', line 16)
RESET = \033[0m
# makefile (from `Makefile', line 46)
LIBS = -framework OpenGL -lm -framework AppKit
# automatic
^F = $(notdir $^)
# default
SUFFIXES := 
# default
.INCLUDE_DIRS = /usr/local/include
# environment
MAKELEVEL := 0
# environment
LANG = C
# environment
VSCODE_PID = 605
# variable set hash-table stats:
# Load=86/1024=8%, Rehash=0, Collisions=6/118=5%

# Pattern-specific Variable Values

# No pattern-specific variable values.

# Directories

# . (device 16777230, inode 2760147): 11 files, no impossibilities.
# src (device 16777230, inode 2761056): 23 files, no impossibilities so far.

# 34 files, no impossibilities in 2 directories.

# Implicit Rules

%.o: %.c
#  commands to execute (from `Makefile', line 51):
	@$(CC) -I ${HDRS} -c $< -o $@
	

# 1 implicit rules, 0 (0.0%) terminal.

# Files

fractol: src/Mandelbrot.o src/draw.o src/doubleatoi.o src/main.o src/init.o src/key.o src/Julia.o src/Newton.o src/color.o src/utils.o
#  Implicit rule search has not been done.
#  Last modified 2022-08-13 16:01:15
#  File has been updated.
#  Successfully updated.
# variable set hash-table stats:
# Load=0/32=0%, Rehash=0, Collisions=0/0=0%
#  commands to execute (from `Makefile', line 54):
	@make -C ./ft_printf
	@make -C ./libft
	@make -C ./mlx
	@mv mlx/libmlx.dylib .
	@$(CC) $(CFLAGS) -o $(NAME) $(OBJ) $(MLX) $(LIBS) ft_printf/ft_printf.a libft/libft.a
	@echo "$(C_LGRN)➜ [$(NAME)] Program has been Compiled Successfully !$(C_END)"
	

# Not a target:
src/doubleatoi.c:
#  Implicit rule search has been done.
#  Last modified 2022-08-13 11:39:45
#  File has been updated.
#  Successfully updated.
# variable set hash-table stats:
# Load=0/32=0%, Rehash=0, Collisions=0/0=0%

reb:
#  Phony target (prerequisite of .PHONY).
#  Implicit rule search has not been done.
#  File does not exist.
#  File has not been updated.

all: fractol
#  Phony target (prerequisite of .PHONY).
#  Command-line target.
#  Implicit rule search has not been done.
#  Implicit/static pattern stem: `'
#  File does not exist.
#  File has been updated.
#  Needs to be updated (-q is set).
# automatic
# @ := all
# automatic
# % := 
# automatic
# * := 
# automatic
# + := fractol
# automatic
# | := 
# automatic
# < := fractol
# automatic
# ^ := fractol
# automatic
# ? := fractol
# variable set hash-table stats:
# Load=8/32=25%, Rehash=0, Collisions=1/10=10%
#  commands to execute (from `Makefile', line 63):
	make clean
	

.PHONY: all clean fclean re reb
#  Implicit rule search has not been done.
#  Modification time never checked.
#  File has not been updated.

src/main.o: src/main.c
#  Implicit rule search has been done.
#  Implicit/static pattern stem: `src/main'
#  Last modified 2022-08-13 16:01:06
#  File has been updated.
#  Successfully updated.
# variable set hash-table stats:
# Load=0/32=0%, Rehash=0, Collisions=0/0=0%
#  commands to execute (from `Makefile', line 51):
	@$(CC) -I ${HDRS} -c $< -o $@
	

src/color.o: src/color.c
#  Implicit rule search has been done.
#  Implicit/static pattern stem: `src/color'
#  Last modified 2022-08-13 16:01:06
#  File has been updated.
#  Successfully updated.
# variable set hash-table stats:
# Load=0/32=0%, Rehash=0, Collisions=0/0=0%
#  commands to execute (from `Makefile', line 51):
	@$(CC) -I ${HDRS} -c $< -o $@
	

# Not a target:
.SUFFIXES:
#  Implicit rule search has not been done.
#  Modification time never checked.
#  File has not been updated.

# Not a target:
src/draw.c:
#  Implicit rule search has been done.
#  Last modified 2022-08-13 15:57:58
#  File has been updated.
#  Successfully updated.
# variable set hash-table stats:
# Load=0/32=0%, Rehash=0, Collisions=0/0=0%

# Not a target:
Makefile:
#  Implicit rule search has been done.
#  Last modified 2022-08-13 15:28:57
#  File has been updated.
#  Successfully updated.
# variable set hash-table stats:
 
# Load=0/32=0%, Rehash=0, Collisions=0/0=0%

src/key.o: src/key.c
#  Implicit rule search has been done.
#  Implicit/static pattern stem: `src/key'
#  Last modified 2022-08-13 16:01:06
#  File has been updated.
#  Successfully updated.
# variable set hash-table stats:
# Load=0/32=0%, Rehash=0, Collisions=0/0=0%
#  commands to execute (from `Makefile', line 51):
	@$(CC) -I ${HDRS} -c $< -o $@
	

# Not a target:
src/utils.c:
#  Implicit rule search has been done.
#  Last modified 2022-08-13 15:46:23
#  File has been updated.
#  Successfully updated.
# variable set hash-table stats:
# Load=0/32=0%, Rehash=0, Collisions=0/0=0%

# Not a target:
src/Julia.c:
#  Implicit rule search has been done.
#  Last modified 2022-08-13 11:12:02
#  File has been updated.
#  Successfully updated.
# variable set hash-table stats:
# Load=0/32=0%, Rehash=0, Collisions=0/0=0%

# Not a target:
src/Mandelbrot.c:
#  Implicit rule search has been done.
#  Last modified 2022-08-13 13:47:10
#  File has been updated.
#  Successfully updated.
# variable set hash-table stats:
# Load=0/32=0%, Rehash=0, Collisions=0/0=0%

src/utils.o: src/utils.c
#  Implicit rule search has been done.
#  Implicit/static pattern stem: `src/utils'
#  Last modified 2022-08-13 16:01:06
#  File has been updated.
#  Successfully updated.
# variable set hash-table stats:
# Load=0/32=0%, Rehash=0, Collisions=0/0=0%
#  commands to execute (from `Makefile', line 51):
	@$(CC) -I ${HDRS} -c $< -o $@
	

src/Newton.o: src/Newton.c
#  Implicit rule search has been done.
#  Implicit/static pattern stem: `src/Newton'
#  Last modified 2022-08-13 16:01:06
#  File has been updated.
#  Successfully updated.
# variable set hash-table stats:
# Load=0/32=0%, Rehash=0, Collisions=0/0=0%
#  commands to execute (from `Makefile', line 51):
	@$(CC) -I ${HDRS} -c $< -o $@
	

fclean:
#  Phony target (prerequisite of .PHONY).
#  Implicit rule search has not been done.
#  File does not exist.
#  File has not been updated.
#  commands to execute (from `Makefile', line 70):
	${RM} $(NAME) ${OBJ}
	@rm libmlx.dylib
	@make -C ./mlx clean
	@make -C ./ft_printf fclean
	@make -C ./libft fclean
	@echo "$(C_LMGN)➜ [$(NAME)] Library has been deleted Successfully !$(C_END)"
	

# Not a target:
src/main.c:
#  Implicit rule search has been done.
#  Last modified 2022-08-13 15:42:56
#  File has been updated.
#  Successfully updated.
# variable set hash-table stats:
# Load=0/32=0%, Rehash=0, Collisions=0/0=0%

src/init.o: src/init.c
#  Implicit rule search has been done.
#  Implicit/static pattern stem: `src/init'
#  Last modified 2022-08-13 16:01:06
#  File has been updated.
#  Successfully updated.
# variable set hash-table stats:
# Load=0/32=0%, Rehash=0, Collisions=0/0=0%
#  commands to execute (from `Makefile', line 51):
	@$(CC) -I ${HDRS} -c $< -o $@
	

# Not a target:
.DEFAULT:
#  Implicit rule search has not been done.
#  Modification time never checked.
#  File has not been updated.

# Not a target:
src/color.c:
#  Implicit rule search has been done.
#  Last modified 2022-08-13 13:48:51
#  File has been updated.
#  Successfully updated.
# variable set hash-table stats:
# Load=0/32=0%, Rehash=0, Collisions=0/0=0%

# Not a target:
src/key.c:
#  Implicit rule search has been done.
#  Last modified 2022-08-13 15:34:24
#  File has been updated.
#  Successfully updated.
# variable set hash-table stats:
# Load=0/32=0%, Rehash=0, Collisions=0/0=0%

re: fclean fractol
#  Phony target (prerequisite of .PHONY).
#  Implicit rule search has not been done.
#  File does not exist.
#  File has not been updated.

run: all
#  Implicit rule search has not been done.
#  Modification time never checked.
#  File has not been updated.

clean:
#  Phony target (prerequisite of .PHONY).
#  Implicit rule search has not been done.
#  File does not exist.
#  File has not been updated.
#  commands to execute (from `Makefile', line 66):
	@${RM} $(OBJ)
	@echo "$(C_LMGN)➜ [$(NAME)] Objects have been cleaned Successfully !$(C_END)"
	

src/doubleatoi.o: src/doubleatoi.c
#  Implicit rule search has been done.
#  Implicit/static pattern stem: `src/doubleatoi'
#  Last modified 2022-08-13 16:01:06
#  File has been updated.
#  Successfully updated.
# variable set hash-table stats:
# Load=0/32=0%, Rehash=0, Collisions=0/0=0%
#  commands to execute (from `Makefile', line 51):
	@$(CC) -I ${HDRS} -c $< -o $@
	

# Not a target:
src/Newton.c:
#  Implicit rule search has been done.
#  Last modified 2022-08-13 15:56:38
#  File has been updated.
#  Successfully updated.
# variable set hash-table stats:
# Load=0/32=0%, Rehash=0, Collisions=0/0=0%

src/draw.o: src/draw.c
#  Implicit rule search has been done.
#  Implicit/static pattern stem: `src/draw'
#  Last modified 2022-08-13 16:01:05
#  File has been updated.
#  Successfully updated.
# variable set hash-table stats:
# Load=0/32=0%, Rehash=0, Collisions=0/0=0%
#  commands to execute (from `Makefile', line 51):
	@$(CC) -I ${HDRS} -c $< -o $@
	

# Not a target:
src/init.c:
#  Implicit rule search has been done.
#  Last modified 2022-08-13 16:00:58
#  File has been updated.
#  Successfully updated.
# variable set hash-table stats:
# Load=0/32=0%, Rehash=0, Collisions=0/0=0%

src/Julia.o: src/Julia.c
#  Implicit rule search has been done.
#  Implicit/static pattern stem: `src/Julia'
#  Last modified 2022-08-13 16:01:06
#  File has been updated.
#  Successfully updated.
# variable set hash-table stats:
# Load=0/32=0%, Rehash=0, Collisions=0/0=0%
#  commands to execute (from `Makefile', line 51):
	@$(CC) -I ${HDRS} -c $< -o $@
	

src/Mandelbrot.o: src/Mandelbrot.c
#  Implicit rule search has been done.
#  Implicit/static pattern stem: `src/Mandelbrot'
#  Last modified 2022-08-13 16:01:05
#  File has been updated.
#  Successfully updated.
# variable set hash-table stats:
# Load=0/32=0%, Rehash=0, Collisions=0/0=0%
#  commands to execute (from `Makefile', line 51):
	@$(CC) -I ${HDRS} -c $< -o $@
	

# files hash-table stats:
# Load=31/1024=3%, Rehash=0, Collisions=5/94=5%
# VPATH Search Paths

# No `vpath' search paths.

# No general (`VPATH' variable) search path.

# # of strings in strcache: 1
# # of strcache buffers: 1
# strcache size: total = 4096 / max = 4096 / min = 4096 / avg = 4096
# strcache free: total = 4087 / max = 4087 / min = 4087 / avg = 4087

# Finished Make data base on Fri Aug 26 09:41:02 2022

 
